<?xml version="1.0" encoding="UTF-8"?>
<!-- Generated by org.testng.reporters.JUnitXMLReporter -->
<testsuite hostname="BMT-LAP-88" failures="0" tests="1" name="Test1" time="3.695" errors="0" timestamp="16 Oct 2021 05:28:52 GMT">
  <testcase classname="lambdatest.LambdaTest2" name="@BeforeTest setup" time="0.0">
    <failure type="java.lang.NullPointerException" message="Cannot invoke &amp;quot;org.openqa.selenium.WebDriver.manage()&amp;quot; because &amp;quot;this.driver&amp;quot; is null">
      <![CDATA[java.lang.NullPointerException: Cannot invoke "org.openqa.selenium.WebDriver.manage()" because "this.driver" is null
	at lambdatest.LambdaTest2.setup(LambdaTest2.java:78)
... Removed 22 stack frames]]>
    </failure>
  </testcase> <!-- @BeforeTest setup -->
  <testcase classname="lambdatest.LambdaTest2" name="@AfterTest tearDown" time="0.0">
    <skipped/>
  </testcase> <!-- @AfterTest tearDown -->
  <testcase classname="lambdatest.LambdaTest2" name="lambdatestassignmenet" time="0.012">
    <skipped/>
  </testcase> <!-- lambdatestassignmenet -->
</testsuite> <!-- Test1 -->
