<?xml version="1.0" encoding="UTF-8"?>
<testng-results total="1" passed="1" failed="0" skipped="0">
  <reporter-output>
  </reporter-output>
  <suite started-at="2021-10-16T05:31:25Z" name="Suite" finished-at="2021-10-16T05:32:02Z" duration-ms="37335">
    <groups>
    </groups>
    <test started-at="2021-10-16T05:31:25Z" name="Test" finished-at="2021-10-16T05:32:02Z" duration-ms="37335">
      <class name="lambdatest.LambdaTest2">
        <test-method is-config="true" signature="setup(java.lang.String, java.lang.String)[pri:0, instance:lambdatest.LambdaTest2@11f0a5a1]" started-at="2021-10-16T11:01:25Z" name="setup" finished-at="2021-10-16T11:01:32Z" duration-ms="7317" status="PASS">
          <params>
            <param index="0">
              <value>
                <![CDATA[cloud]]>
              </value>
            </param>
            <param index="1">
              <value>
                <![CDATA[chrome]]>
              </value>
            </param>
          </params>
          <reporter-output>
          </reporter-output>
        </test-method> <!-- setup -->
        <test-method signature="lambdatestassignmenet()[pri:0, instance:lambdatest.LambdaTest2@11f0a5a1]" started-at="2021-10-16T11:01:32Z" name="lambdatestassignmenet" finished-at="2021-10-16T11:02:02Z" duration-ms="29575" status="PASS">
          <reporter-output>
          </reporter-output>
        </test-method> <!-- lambdatestassignmenet -->
        <test-method is-config="true" signature="tearDown()[pri:0, instance:lambdatest.LambdaTest2@11f0a5a1]" started-at="2021-10-16T11:02:02Z" name="tearDown" finished-at="2021-10-16T11:02:02Z" duration-ms="403" status="PASS">
          <reporter-output>
          </reporter-output>
        </test-method> <!-- tearDown -->
      </class> <!-- lambdatest.LambdaTest2 -->
    </test> <!-- Test -->
  </suite> <!-- Suite -->
</testng-results>
